


ARM Macro Assembler    Page 1 


    1 00000000         ;/******************************************************
                       ***********************/
    2 00000000         ;/* IRQ.S: IRQ Handler                                  
                                             */
    3 00000000         ;/******************************************************
                       ***********************/
    4 00000000         ;/* This file is part of the uVision/ARM development too
                       ls.                   */
    5 00000000         ;/* Copyright (c) 2005-2006 Keil Software. All rights re
                       served.               */
    6 00000000         ;/* This software may only be used under the terms of a 
                       valid, current,       */
    7 00000000         ;/* end user licence from KEIL for a compatible version 
                       of KEIL software      */
    8 00000000         ;/* development tools. Nothing else gives you the right 
                       to use this software. */
    9 00000000         ;/******************************************************
                       ***********************/
   10 00000000         
   11 00000000         
   12 00000000         ; Enhanced Interrupt Controller (EIC) definitions
   13 00000000 FFFFF800 
                       EIC_BASE
                               EQU              0xFFFFF800  ; EIC Base Address
   14 00000000 00000004 
                       CICR_OFS
                               EQU              0x04        ; Curr. Int. Channe
                                                            l R. Offset
   15 00000000 00000018 
                       IVR_OFS EQU              0x18        ; Interrupt Vector 
                                                            Reg. Offset
   16 00000000 00000040 
                       IPR_OFS EQU              0x40        ; Interrupt Pending
                                                             Reg. Offset
   17 00000000         
   18 00000000         
   19 00000000                 AREA             IRQ, CODE, READONLY
   20 00000000                 ARM
   21 00000000         
   22 00000000                 PRESERVE8
   23 00000000                 ALIGN
   24 00000000                 EXPORT           IRQHandler
   25 00000000         
   26 00000000         IRQHandler
   27 00000000 E24EE004        SUB              LR, LR, #4  ; Update Link Regis
                                                            ter
   28 00000004 E92D5FFF        STMFD            SP!, {R0-R12, LR} ; Save Worksp
                                                            ace & LR to Stack
   29 00000008 E14F0000        MRS              R0, SPSR    ; Copy SPSR to R0
   30 0000000C E92D0003        STMFD            SP!, {R0, R1} ; Save SPSR to St
                                                            ack (8-byte)
   31 00000010 E59FE2B0        LDR              LR, =ReturnAddress ; Read Retur
                                                            n Address
   32 00000014 E59F02B0        LDR              R0, =EIC_BASE
   33 00000018 E3A01018        LDR              R1, =IVR_OFS
   34 0000001C E080F001        ADD              PC, R0, R1  ; Branch to IRQ Han
                                                            dler
   35 00000020         ReturnAddress
   36 00000020         ; Clear pending bit in EIC (using the proper IPRx)



ARM Macro Assembler    Page 2 


   37 00000020 E59F02A4        LDR              R0, =EIC_BASE
   38 00000024 E5902004        LDR              R2, [R0, #CICR_OFS] ; Get the I
                                                            RQ Channel Number
   39 00000028 E3A03001        MOV              R3, #1
   40 0000002C E1A03213        MOV              R3, R3, LSL R2
   41 00000030 E5803040        STR              R3, [R0, #IPR_OFS] ; Clear corr
                                                            esponding IPR bit
   42 00000034 E8BD0003        LDMFD            SP!, {R0, R1} ; Restore SPSR to
                                                             R0
   43 00000038 E16FF000        MSR              SPSR_cxsf, R0 ; Restore SPSR
   44 0000003C E8FD9FFF        LDMFD            SP!, {R0-R12, PC}^ 
                                                            ; Return to program
                                                            
   45 00000040         
   46 00000040         
   47 00000040         ;*******************************************************
                       ************************
   48 00000040         ;                   Import IRQ handlers from 71x_it.c
   49 00000040         ;*******************************************************
                       ************************
   50 00000040         
   51 00000040                 IMPORT           T0TIMI_IRQHandler
   52 00000040                 IMPORT           FLASH_IRQHandler
   53 00000040                 IMPORT           RCCU_IRQHandler
   54 00000040                 IMPORT           RTC_IRQHandler
   55 00000040                 IMPORT           WDG_IRQHandler
   56 00000040                 IMPORT           XTI_IRQHandler
   57 00000040                 IMPORT           USBHP_IRQHandler
   58 00000040                 IMPORT           I2C0ITERR_IRQHandler
   59 00000040                 IMPORT           I2C1ITERR_IRQHandler
   60 00000040                 IMPORT           UART0_IRQHandler
   61 00000040                 IMPORT           UART1_IRQHandler
   62 00000040                 IMPORT           UART2_IRQHandler
   63 00000040                 IMPORT           UART3_IRQHandler
   64 00000040                 IMPORT           BSPI0_IRQHandler
   65 00000040                 IMPORT           BSPI1_IRQHandler
   66 00000040                 IMPORT           I2C0_IRQHandler
   67 00000040                 IMPORT           I2C1_IRQHandler
   68 00000040                 IMPORT           CAN_IRQHandler
   69 00000040                 IMPORT           ADC12_IRQHandler
   70 00000040                 IMPORT           T1TIMI_IRQHandler
   71 00000040                 IMPORT           T2TIMI_IRQHandler
   72 00000040                 IMPORT           T3TIMI_IRQHandler
   73 00000040                 IMPORT           HDLC_IRQHandler
   74 00000040                 IMPORT           USBLP_IRQHandler
   75 00000040                 IMPORT           T0TOI_IRQHandler
   76 00000040                 IMPORT           T0OC1_IRQHandler
   77 00000040                 IMPORT           T0OC2_IRQHandler
   78 00000040         
   79 00000040         
   80 00000040         ;*******************************************************
                       ************************
   81 00000040         ;* Macro Name     : IRQ_to_SYS
   82 00000040         ;* Description    : This macro used to switch form IRQ m
                       ode to SYS mode
   83 00000040         ;* Input          : none.
   84 00000040         ;* Output         : none
   85 00000040         ;*******************************************************
                       ************************



ARM Macro Assembler    Page 3 


   86 00000040                 MACRO
   87 00000040                 IRQ_to_SYS
   88 00000040                 MSR              CPSR_c, #0x1F ; Switch to SYS M
                                                            ode
   89 00000040                 STMFD            SP!, {R0,LR} ; Save Link Regist
                                                            er (8-byte Stack)
   90 00000040                 MEND
   91 00000040         ;*******************************************************
                       ************************
   92 00000040         ;* Macro Name     : SYS_to_IRQ
   93 00000040         ;* Description    : This macro used to switch from SYS m
                       ode to IRQ mode
   94 00000040         ;                   then to return to IRQHnadler routine
                       .
   95 00000040         ;* Input          : none.
   96 00000040         ;* Output         : none.
   97 00000040         ;*******************************************************
                       ************************
   98 00000040                 MACRO
   99 00000040                 SYS_to_IRQ
  100 00000040                 LDMFD            SP!, {R0,LR} ; Restore Link Reg
                                                            ister (8-byte Stack
                                                            )
  101 00000040                 MSR              CPSR_c, #0xD2 ; Switch to IRQ M
                                                            ode
  102 00000040                 BX               LR          ; Return to IRQHand
                                                            ler routine to
  103 00000040         ; clear the pending bit
  104 00000040                 MEND
  105 00000040         ;*******************************************************
                       ************************
  106 00000040         
  107 00000040         
  108 00000040         ;*******************************************************
                       ************************
  109 00000040         ;* Function Name  : T0TIMIIRQHandler
  110 00000040         ;* Description    : This function used to switch to SYS 
                       mode before entering
  111 00000040         ;                   the T0TIMI_IRQHandler function locat
                       ed in 71x_it.c.
  112 00000040         ;                   Then to return to IRQ mode after the
                       
  113 00000040         ;                   T0TIMI_IRQHandler function terminati
                       on.
  114 00000040         ;* Input          : none.
  115 00000040         ;* Output         : none.
  116 00000040         ;*******************************************************
                       ************************
  117 00000040                 EXPORT           T0TIMIIRQHandler
  118 00000040         T0TIMIIRQHandler
  119 00000040                 IRQ_to_SYS
   88 00000040 E321F01F        MSR              CPSR_c, #0x1F ; Switch to SYS M
                                                            ode
   89 00000044 E92D4001        STMFD            SP!, {R0,LR} ; Save Link Regist
                                                            er (8-byte Stack)
  120 00000048 EBFFFFFE        BL               T0TIMI_IRQHandler
  121 0000004C                 SYS_to_IRQ
  100 0000004C E8BD4001        LDMFD            SP!, {R0,LR} ; Restore Link Reg
                                                            ister (8-byte Stack



ARM Macro Assembler    Page 4 


                                                            )
  101 00000050 E321F0D2        MSR              CPSR_c, #0xD2 ; Switch to IRQ M
                                                            ode
  102 00000054 E12FFF1E        BX               LR          ; Return to IRQHand
                                                            ler routine to
  103 00000058         ; clear the pending bit
  122 00000058         ;*******************************************************
                       ************************
  123 00000058         ;* Function Name  : FLASHIRQHandler
  124 00000058         ;* Description    : This function used to switch to SYS 
                       mode before entering
  125 00000058         ;                   the FLASH_IRQHandler function locate
                       d in 71x_it.c.
  126 00000058         ;                   Then to return to IRQ mode after the
                       
  127 00000058         ;                   FLASH_IRQHandler function terminatio
                       n.
  128 00000058         ;* Input          : none
  129 00000058         ;* Output         : none
  130 00000058         ;*******************************************************
                       ************************
  131 00000058                 EXPORT           FLASHIRQHandler
  132 00000058         FLASHIRQHandler
  133 00000058                 IRQ_to_SYS
   88 00000058 E321F01F        MSR              CPSR_c, #0x1F ; Switch to SYS M
                                                            ode
   89 0000005C E92D4001        STMFD            SP!, {R0,LR} ; Save Link Regist
                                                            er (8-byte Stack)
  134 00000060 EBFFFFFE        BL               FLASH_IRQHandler
  135 00000064                 SYS_to_IRQ
  100 00000064 E8BD4001        LDMFD            SP!, {R0,LR} ; Restore Link Reg
                                                            ister (8-byte Stack
                                                            )
  101 00000068 E321F0D2        MSR              CPSR_c, #0xD2 ; Switch to IRQ M
                                                            ode
  102 0000006C E12FFF1E        BX               LR          ; Return to IRQHand
                                                            ler routine to
  103 00000070         ; clear the pending bit
  136 00000070         ;*******************************************************
                       ************************
  137 00000070         ;* Function Name  : RCCUIRQHandler
  138 00000070         ;* Description    : This function used to switch to SYS 
                       mode before entering
  139 00000070         ;                   the RCCU_IRQHandler function located
                        in 71x_it.c.
  140 00000070         ;                   Then to return to IRQ mode after the
                       
  141 00000070         ;                   RCCU_IRQHandler function termination
                       .
  142 00000070         ;* Input          : none
  143 00000070         ;* Output         : none
  144 00000070         ;*******************************************************
                       ************************
  145 00000070                 EXPORT           RCCUIRQHandler
  146 00000070         RCCUIRQHandler
  147 00000070                 IRQ_to_SYS
   88 00000070 E321F01F        MSR              CPSR_c, #0x1F ; Switch to SYS M
                                                            ode
   89 00000074 E92D4001        STMFD            SP!, {R0,LR} ; Save Link Regist



ARM Macro Assembler    Page 5 


                                                            er (8-byte Stack)
  148 00000078 EBFFFFFE        BL               RCCU_IRQHandler
  149 0000007C                 SYS_to_IRQ
  100 0000007C E8BD4001        LDMFD            SP!, {R0,LR} ; Restore Link Reg
                                                            ister (8-byte Stack
                                                            )
  101 00000080 E321F0D2        MSR              CPSR_c, #0xD2 ; Switch to IRQ M
                                                            ode
  102 00000084 E12FFF1E        BX               LR          ; Return to IRQHand
                                                            ler routine to
  103 00000088         ; clear the pending bit
  150 00000088         ;*******************************************************
                       ************************
  151 00000088         ;* Function Name  : RTCIRQHandler
  152 00000088         ;* Description    : This function used to switch to SYS 
                       mode before entering
  153 00000088         ;                   the RTC_IRQHandler function located 
                       in 71x_it.c.
  154 00000088         ;                   Then to return to IRQ mode after the
                       
  155 00000088         ;                   RTC_IRQHandler function termination.
                       
  156 00000088         ;* Input          : none
  157 00000088         ;* Output         : none
  158 00000088         ;*******************************************************
                       ************************
  159 00000088                 EXPORT           RTCIRQHandler
  160 00000088         RTCIRQHandler
  161 00000088                 IRQ_to_SYS
   88 00000088 E321F01F        MSR              CPSR_c, #0x1F ; Switch to SYS M
                                                            ode
   89 0000008C E92D4001        STMFD            SP!, {R0,LR} ; Save Link Regist
                                                            er (8-byte Stack)
  162 00000090 EBFFFFFE        BL               RTC_IRQHandler
  163 00000094                 SYS_to_IRQ
  100 00000094 E8BD4001        LDMFD            SP!, {R0,LR} ; Restore Link Reg
                                                            ister (8-byte Stack
                                                            )
  101 00000098 E321F0D2        MSR              CPSR_c, #0xD2 ; Switch to IRQ M
                                                            ode
  102 0000009C E12FFF1E        BX               LR          ; Return to IRQHand
                                                            ler routine to
  103 000000A0         ; clear the pending bit
  164 000000A0         ;*******************************************************
                       ************************
  165 000000A0         ;* Function Name  : WDGIRQHandler
  166 000000A0         ;* Description    : This function used to switch to SYS 
                       mode before entering
  167 000000A0         ;                   the WDG_IRQHandler function located 
                       in 71x_it.c.
  168 000000A0         ;                   Then to return to IRQ mode after the
                       
  169 000000A0         ;                   WDG_IRQHandler function termination.
                       
  170 000000A0         ;* Input          : none
  171 000000A0         ;* Output         : none
  172 000000A0         ;*******************************************************
                       ************************
  173 000000A0                 EXPORT           WDGIRQHandler



ARM Macro Assembler    Page 6 


  174 000000A0         WDGIRQHandler
  175 000000A0                 IRQ_to_SYS
   88 000000A0 E321F01F        MSR              CPSR_c, #0x1F ; Switch to SYS M
                                                            ode
   89 000000A4 E92D4001        STMFD            SP!, {R0,LR} ; Save Link Regist
                                                            er (8-byte Stack)
  176 000000A8 EBFFFFFE        BL               WDG_IRQHandler
  177 000000AC                 SYS_to_IRQ
  100 000000AC E8BD4001        LDMFD            SP!, {R0,LR} ; Restore Link Reg
                                                            ister (8-byte Stack
                                                            )
  101 000000B0 E321F0D2        MSR              CPSR_c, #0xD2 ; Switch to IRQ M
                                                            ode
  102 000000B4 E12FFF1E        BX               LR          ; Return to IRQHand
                                                            ler routine to
  103 000000B8         ; clear the pending bit
  178 000000B8         ;*******************************************************
                       ************************
  179 000000B8         ;* Function Name  : XTIIRQHandler
  180 000000B8         ;* Description    : This function used to switch to SYS 
                       mode before entering
  181 000000B8         ;                   the XTI_IRQHandler function located 
                       in 71x_it.c.
  182 000000B8         ;                   Then to return to IRQ mode after the
                       
  183 000000B8         ;                   XTI_IRQHandler function termination.
                       
  184 000000B8         ;* Input          : none
  185 000000B8         ;* Output         : none
  186 000000B8         ;*******************************************************
                       ************************
  187 000000B8                 EXPORT           XTIIRQHandler
  188 000000B8         XTIIRQHandler
  189 000000B8                 IRQ_to_SYS
   88 000000B8 E321F01F        MSR              CPSR_c, #0x1F ; Switch to SYS M
                                                            ode
   89 000000BC E92D4001        STMFD            SP!, {R0,LR} ; Save Link Regist
                                                            er (8-byte Stack)
  190 000000C0 EBFFFFFE        BL               XTI_IRQHandler
  191 000000C4                 SYS_to_IRQ
  100 000000C4 E8BD4001        LDMFD            SP!, {R0,LR} ; Restore Link Reg
                                                            ister (8-byte Stack
                                                            )
  101 000000C8 E321F0D2        MSR              CPSR_c, #0xD2 ; Switch to IRQ M
                                                            ode
  102 000000CC E12FFF1E        BX               LR          ; Return to IRQHand
                                                            ler routine to
  103 000000D0         ; clear the pending bit
  192 000000D0         ;*******************************************************
                       ************************
  193 000000D0         ;* Function Name  : USBHPIRQHandler
  194 000000D0         ;* Description    : This function used to switch to SYS 
                       mode before entering
  195 000000D0         ;                   the USBHP_IRQHandler function locate
                       d in 71x_it.c.
  196 000000D0         ;                   Then to return to IRQ mode after the
                       
  197 000000D0         ;                   USBHP_IRQHandler function terminatio
                       n.



ARM Macro Assembler    Page 7 


  198 000000D0         ;* Input          : none
  199 000000D0         ;* Output         : none
  200 000000D0         ;*******************************************************
                       ************************
  201 000000D0                 EXPORT           USBHPIRQHandler
  202 000000D0         USBHPIRQHandler
  203 000000D0                 IRQ_to_SYS
   88 000000D0 E321F01F        MSR              CPSR_c, #0x1F ; Switch to SYS M
                                                            ode
   89 000000D4 E92D4001        STMFD            SP!, {R0,LR} ; Save Link Regist
                                                            er (8-byte Stack)
  204 000000D8 EBFFFFFE        BL               USBHP_IRQHandler
  205 000000DC                 SYS_to_IRQ
  100 000000DC E8BD4001        LDMFD            SP!, {R0,LR} ; Restore Link Reg
                                                            ister (8-byte Stack
                                                            )
  101 000000E0 E321F0D2        MSR              CPSR_c, #0xD2 ; Switch to IRQ M
                                                            ode
  102 000000E4 E12FFF1E        BX               LR          ; Return to IRQHand
                                                            ler routine to
  103 000000E8         ; clear the pending bit
  206 000000E8         ;*******************************************************
                       ************************
  207 000000E8         ;* Function Name  : I2C0ITERRIRQHandler
  208 000000E8         ;* Description    : This function used to switch to SYS 
                       mode before entering
  209 000000E8         ;                   the I2C0ITERR_IRQHandler function lo
                       cated in 71x_it.c.
  210 000000E8         ;                   Then to return to IRQ mode after the
                       
  211 000000E8         ;                   I2C0ITERR_IRQHandler function termin
                       ation.
  212 000000E8         ;* Input          : none
  213 000000E8         ;* Output         : none
  214 000000E8         ;*******************************************************
                       ************************
  215 000000E8                 EXPORT           I2C0ITERRIRQHandler
  216 000000E8         I2C0ITERRIRQHandler
  217 000000E8                 IRQ_to_SYS
   88 000000E8 E321F01F        MSR              CPSR_c, #0x1F ; Switch to SYS M
                                                            ode
   89 000000EC E92D4001        STMFD            SP!, {R0,LR} ; Save Link Regist
                                                            er (8-byte Stack)
  218 000000F0 EBFFFFFE        BL               I2C0ITERR_IRQHandler
  219 000000F4                 SYS_to_IRQ
  100 000000F4 E8BD4001        LDMFD            SP!, {R0,LR} ; Restore Link Reg
                                                            ister (8-byte Stack
                                                            )
  101 000000F8 E321F0D2        MSR              CPSR_c, #0xD2 ; Switch to IRQ M
                                                            ode
  102 000000FC E12FFF1E        BX               LR          ; Return to IRQHand
                                                            ler routine to
  103 00000100         ; clear the pending bit
  220 00000100         ;*******************************************************
                       ************************
  221 00000100         ;* Function Name  : I2C1ITERRIRQHandler
  222 00000100         ;* Description    : This function used to switch to SYS 
                       mode before entering
  223 00000100         ;                   the I2C1ITERR_IRQHandler function lo



ARM Macro Assembler    Page 8 


                       cated in 71x_it.c.
  224 00000100         ;                   Then to return to IRQ mode after the
                       
  225 00000100         ;                   I2C1ITERR_IRQHandler function termin
                       ation.
  226 00000100         ;* Input          : none
  227 00000100         ;* Output         : none
  228 00000100         ;*******************************************************
                       ************************
  229 00000100                 EXPORT           I2C1ITERRIRQHandler
  230 00000100         I2C1ITERRIRQHandler
  231 00000100                 IRQ_to_SYS
   88 00000100 E321F01F        MSR              CPSR_c, #0x1F ; Switch to SYS M
                                                            ode
   89 00000104 E92D4001        STMFD            SP!, {R0,LR} ; Save Link Regist
                                                            er (8-byte Stack)
  232 00000108 EBFFFFFE        BL               I2C1ITERR_IRQHandler
  233 0000010C                 SYS_to_IRQ
  100 0000010C E8BD4001        LDMFD            SP!, {R0,LR} ; Restore Link Reg
                                                            ister (8-byte Stack
                                                            )
  101 00000110 E321F0D2        MSR              CPSR_c, #0xD2 ; Switch to IRQ M
                                                            ode
  102 00000114 E12FFF1E        BX               LR          ; Return to IRQHand
                                                            ler routine to
  103 00000118         ; clear the pending bit
  234 00000118         ;*******************************************************
                       ************************
  235 00000118         ;* Function Name  : UART0IRQHandler
  236 00000118         ;* Description    : This function used to switch to SYS 
                       mode before entering
  237 00000118         ;                   the UART0_IRQHandler function locate
                       d in 71x_it.c.
  238 00000118         ;                   Then to return to IRQ mode after the
                       
  239 00000118         ;                   UART0_IRQHandler function terminatio
                       n.
  240 00000118         ;* Input          : none
  241 00000118         ;* Output         : none
  242 00000118         ;*******************************************************
                       ************************
  243 00000118                 EXPORT           UART0IRQHandler
  244 00000118         UART0IRQHandler
  245 00000118                 IRQ_to_SYS
   88 00000118 E321F01F        MSR              CPSR_c, #0x1F ; Switch to SYS M
                                                            ode
   89 0000011C E92D4001        STMFD            SP!, {R0,LR} ; Save Link Regist
                                                            er (8-byte Stack)
  246 00000120 EBFFFFFE        BL               UART0_IRQHandler
  247 00000124                 SYS_to_IRQ
  100 00000124 E8BD4001        LDMFD            SP!, {R0,LR} ; Restore Link Reg
                                                            ister (8-byte Stack
                                                            )
  101 00000128 E321F0D2        MSR              CPSR_c, #0xD2 ; Switch to IRQ M
                                                            ode
  102 0000012C E12FFF1E        BX               LR          ; Return to IRQHand
                                                            ler routine to
  103 00000130         ; clear the pending bit
  248 00000130         ;*******************************************************



ARM Macro Assembler    Page 9 


                       ************************
  249 00000130         ;* Function Name  : UART1IRQHandler
  250 00000130         ;* Description    : This function used to switch to SYS 
                       mode before entering
  251 00000130         ;                   the UART1_IRQHandler function locate
                       d in 71x_it.c.
  252 00000130         ;                   Then to return to IRQ mode after the
                       
  253 00000130         ;                   UART1_IRQHandler function terminatio
                       n.
  254 00000130         ;* Input          : none
  255 00000130         ;* Output         : none
  256 00000130         ;*******************************************************
                       ************************
  257 00000130                 EXPORT           UART1IRQHandler
  258 00000130         UART1IRQHandler
  259 00000130                 IRQ_to_SYS
   88 00000130 E321F01F        MSR              CPSR_c, #0x1F ; Switch to SYS M
                                                            ode
   89 00000134 E92D4001        STMFD            SP!, {R0,LR} ; Save Link Regist
                                                            er (8-byte Stack)
  260 00000138 EBFFFFFE        BL               UART1_IRQHandler
  261 0000013C                 SYS_to_IRQ
  100 0000013C E8BD4001        LDMFD            SP!, {R0,LR} ; Restore Link Reg
                                                            ister (8-byte Stack
                                                            )
  101 00000140 E321F0D2        MSR              CPSR_c, #0xD2 ; Switch to IRQ M
                                                            ode
  102 00000144 E12FFF1E        BX               LR          ; Return to IRQHand
                                                            ler routine to
  103 00000148         ; clear the pending bit
  262 00000148         ;*******************************************************
                       ************************
  263 00000148         ;* Function Name  : UART2IRQHandler
  264 00000148         ;* Description    : This function used to switch to SYS 
                       mode before entering
  265 00000148         ;                   the UART2_IRQHandler function locate
                       d in 71x_it.c.
  266 00000148         ;                   Then to return to IRQ mode after the
                       
  267 00000148         ;                   UART2_IRQHandler function terminatio
                       n.
  268 00000148         ;* Input          : none
  269 00000148         ;* Output         : none
  270 00000148         ;*******************************************************
                       ************************
  271 00000148                 EXPORT           UART2IRQHandler
  272 00000148         UART2IRQHandler
  273 00000148                 IRQ_to_SYS
   88 00000148 E321F01F        MSR              CPSR_c, #0x1F ; Switch to SYS M
                                                            ode
   89 0000014C E92D4001        STMFD            SP!, {R0,LR} ; Save Link Regist
                                                            er (8-byte Stack)
  274 00000150 EBFFFFFE        BL               UART2_IRQHandler
  275 00000154                 SYS_to_IRQ
  100 00000154 E8BD4001        LDMFD            SP!, {R0,LR} ; Restore Link Reg
                                                            ister (8-byte Stack
                                                            )
  101 00000158 E321F0D2        MSR              CPSR_c, #0xD2 ; Switch to IRQ M



ARM Macro Assembler    Page 10 


                                                            ode
  102 0000015C E12FFF1E        BX               LR          ; Return to IRQHand
                                                            ler routine to
  103 00000160         ; clear the pending bit
  276 00000160         ;*******************************************************
                       ************************
  277 00000160         ;* Function Name  : UART3IRQHandler
  278 00000160         ;* Description    : This function used to switch to SYS 
                       mode before entering
  279 00000160         ;                   the UART3_IRQHandler function locate
                       d in 71x_it.c.
  280 00000160         ;                   Then to return to IRQ mode after the
                       
  281 00000160         ;                   UART3_IRQHandler function terminatio
                       n.
  282 00000160         ;* Input          : none
  283 00000160         ;* Output         : none
  284 00000160         ;*******************************************************
                       ************************
  285 00000160                 EXPORT           UART3IRQHandler
  286 00000160         UART3IRQHandler
  287 00000160                 IRQ_to_SYS
   88 00000160 E321F01F        MSR              CPSR_c, #0x1F ; Switch to SYS M
                                                            ode
   89 00000164 E92D4001        STMFD            SP!, {R0,LR} ; Save Link Regist
                                                            er (8-byte Stack)
  288 00000168 EBFFFFFE        BL               UART3_IRQHandler
  289 0000016C                 SYS_to_IRQ
  100 0000016C E8BD4001        LDMFD            SP!, {R0,LR} ; Restore Link Reg
                                                            ister (8-byte Stack
                                                            )
  101 00000170 E321F0D2        MSR              CPSR_c, #0xD2 ; Switch to IRQ M
                                                            ode
  102 00000174 E12FFF1E        BX               LR          ; Return to IRQHand
                                                            ler routine to
  103 00000178         ; clear the pending bit
  290 00000178         ;*******************************************************
                       ************************
  291 00000178         ;* Function Name  : BSPI0IRQHandler
  292 00000178         ;* Description    : This function used to switch to SYS 
                       mode before entering
  293 00000178         ;                   the BSPI0_IRQHandler function locate
                       d in 71x_it.c.
  294 00000178         ;                   Then to return to IRQ mode after the
                       
  295 00000178         ;                   BSPI0_IRQHandler function terminatio
                       n.
  296 00000178         ;* Input          : none
  297 00000178         ;* Output         : none
  298 00000178         ;*******************************************************
                       ************************
  299 00000178                 EXPORT           BSPI0IRQHandler
  300 00000178         BSPI0IRQHandler
  301 00000178                 IRQ_to_SYS
   88 00000178 E321F01F        MSR              CPSR_c, #0x1F ; Switch to SYS M
                                                            ode
   89 0000017C E92D4001        STMFD            SP!, {R0,LR} ; Save Link Regist
                                                            er (8-byte Stack)
  302 00000180 EBFFFFFE        BL               BSPI0_IRQHandler



ARM Macro Assembler    Page 11 


  303 00000184                 SYS_to_IRQ
  100 00000184 E8BD4001        LDMFD            SP!, {R0,LR} ; Restore Link Reg
                                                            ister (8-byte Stack
                                                            )
  101 00000188 E321F0D2        MSR              CPSR_c, #0xD2 ; Switch to IRQ M
                                                            ode
  102 0000018C E12FFF1E        BX               LR          ; Return to IRQHand
                                                            ler routine to
  103 00000190         ; clear the pending bit
  304 00000190         ;*******************************************************
                       ************************
  305 00000190         ;* Function Name  : BSPI1IRQHandler
  306 00000190         ;* Description    : This function used to switch to SYS 
                       mode before entering
  307 00000190         ;                   the BSPI1_IRQHandler function locate
                       d in 71x_it.c.
  308 00000190         ;                   Then to return to IRQ mode after the
                       
  309 00000190         ;                   BSPI1_IRQHandler function terminatio
                       n.
  310 00000190         ;* Input          : none
  311 00000190         ;* Output         : none
  312 00000190         ;*******************************************************
                       ************************
  313 00000190                 EXPORT           BSPI1IRQHandler
  314 00000190         BSPI1IRQHandler
  315 00000190                 IRQ_to_SYS
   88 00000190 E321F01F        MSR              CPSR_c, #0x1F ; Switch to SYS M
                                                            ode
   89 00000194 E92D4001        STMFD            SP!, {R0,LR} ; Save Link Regist
                                                            er (8-byte Stack)
  316 00000198 EBFFFFFE        BL               BSPI1_IRQHandler
  317 0000019C                 SYS_to_IRQ
  100 0000019C E8BD4001        LDMFD            SP!, {R0,LR} ; Restore Link Reg
                                                            ister (8-byte Stack
                                                            )
  101 000001A0 E321F0D2        MSR              CPSR_c, #0xD2 ; Switch to IRQ M
                                                            ode
  102 000001A4 E12FFF1E        BX               LR          ; Return to IRQHand
                                                            ler routine to
  103 000001A8         ; clear the pending bit
  318 000001A8         ;*******************************************************
                       ************************
  319 000001A8         ;* Function Name  : I2C0IRQHandler
  320 000001A8         ;* Description    : This function used to switch to SYS 
                       mode before entering
  321 000001A8         ;                   the I2C0_IRQHandler function located
                        in 71x_it.c.
  322 000001A8         ;                   Then to return to IRQ mode after the
                       
  323 000001A8         ;                   I2C0_IRQHandler function termination
                       .
  324 000001A8         ;* Input          : none
  325 000001A8         ;* Output         : none
  326 000001A8         ;*******************************************************
                       ************************
  327 000001A8                 EXPORT           I2C0IRQHandler
  328 000001A8         I2C0IRQHandler
  329 000001A8                 IRQ_to_SYS



ARM Macro Assembler    Page 12 


   88 000001A8 E321F01F        MSR              CPSR_c, #0x1F ; Switch to SYS M
                                                            ode
   89 000001AC E92D4001        STMFD            SP!, {R0,LR} ; Save Link Regist
                                                            er (8-byte Stack)
  330 000001B0 EBFFFFFE        BL               I2C0_IRQHandler
  331 000001B4                 SYS_to_IRQ
  100 000001B4 E8BD4001        LDMFD            SP!, {R0,LR} ; Restore Link Reg
                                                            ister (8-byte Stack
                                                            )
  101 000001B8 E321F0D2        MSR              CPSR_c, #0xD2 ; Switch to IRQ M
                                                            ode
  102 000001BC E12FFF1E        BX               LR          ; Return to IRQHand
                                                            ler routine to
  103 000001C0         ; clear the pending bit
  332 000001C0         ;*******************************************************
                       ************************
  333 000001C0         ;* Function Name  : I2C1IRQHandler
  334 000001C0         ;* Description    : This function used to switch to SYS 
                       mode before entering
  335 000001C0         ;                   the I2C1_IRQHandler function located
                        in 71x_it.c.
  336 000001C0         ;                   Then to return to IRQ mode after the
                       
  337 000001C0         ;                   I2C1_IRQHandler function termination
                       .
  338 000001C0         ;* Input          : none
  339 000001C0         ;* Output         : none
  340 000001C0         ;*******************************************************
                       ************************
  341 000001C0                 EXPORT           I2C1IRQHandler
  342 000001C0         I2C1IRQHandler
  343 000001C0                 IRQ_to_SYS
   88 000001C0 E321F01F        MSR              CPSR_c, #0x1F ; Switch to SYS M
                                                            ode
   89 000001C4 E92D4001        STMFD            SP!, {R0,LR} ; Save Link Regist
                                                            er (8-byte Stack)
  344 000001C8 EBFFFFFE        BL               I2C1_IRQHandler
  345 000001CC                 SYS_to_IRQ
  100 000001CC E8BD4001        LDMFD            SP!, {R0,LR} ; Restore Link Reg
                                                            ister (8-byte Stack
                                                            )
  101 000001D0 E321F0D2        MSR              CPSR_c, #0xD2 ; Switch to IRQ M
                                                            ode
  102 000001D4 E12FFF1E        BX               LR          ; Return to IRQHand
                                                            ler routine to
  103 000001D8         ; clear the pending bit
  346 000001D8         ;*******************************************************
                       ************************
  347 000001D8         ;* Function Name  : CANIRQHandler
  348 000001D8         ;* Description    : This function used to switch to SYS 
                       mode before entering
  349 000001D8         ;                   the CAN_IRQHandler function located 
                       in 71x_it.c.
  350 000001D8         ;                   Then to return to IRQ mode after the
                       
  351 000001D8         ;                   CAN_IRQHandler function termination.
                       
  352 000001D8         ;* Input          : none
  353 000001D8         ;* Output         : none



ARM Macro Assembler    Page 13 


  354 000001D8         ;*******************************************************
                       ************************
  355 000001D8                 EXPORT           CANIRQHandler
  356 000001D8         CANIRQHandler
  357 000001D8                 IRQ_to_SYS
   88 000001D8 E321F01F        MSR              CPSR_c, #0x1F ; Switch to SYS M
                                                            ode
   89 000001DC E92D4001        STMFD            SP!, {R0,LR} ; Save Link Regist
                                                            er (8-byte Stack)
  358 000001E0 EBFFFFFE        BL               CAN_IRQHandler
  359 000001E4                 SYS_to_IRQ
  100 000001E4 E8BD4001        LDMFD            SP!, {R0,LR} ; Restore Link Reg
                                                            ister (8-byte Stack
                                                            )
  101 000001E8 E321F0D2        MSR              CPSR_c, #0xD2 ; Switch to IRQ M
                                                            ode
  102 000001EC E12FFF1E        BX               LR          ; Return to IRQHand
                                                            ler routine to
  103 000001F0         ; clear the pending bit
  360 000001F0         ;*******************************************************
                       ************************
  361 000001F0         ;* Function Name  : ADC12IRQHandler
  362 000001F0         ;* Description    : This function used to switch to SYS 
                       mode before entering
  363 000001F0         ;                   the ADC12_IRQHandler function locate
                       d in 71x_it.c.
  364 000001F0         ;                   Then to return to IRQ mode after the
                       
  365 000001F0         ;                   ADC12_IRQHandler function terminatio
                       n.
  366 000001F0         ;* Input          : none
  367 000001F0         ;* Output         : none
  368 000001F0         ;*******************************************************
                       ************************
  369 000001F0                 EXPORT           ADC12IRQHandler
  370 000001F0         ADC12IRQHandler
  371 000001F0                 IRQ_to_SYS
   88 000001F0 E321F01F        MSR              CPSR_c, #0x1F ; Switch to SYS M
                                                            ode
   89 000001F4 E92D4001        STMFD            SP!, {R0,LR} ; Save Link Regist
                                                            er (8-byte Stack)
  372 000001F8 EBFFFFFE        BL               ADC12_IRQHandler
  373 000001FC                 SYS_to_IRQ
  100 000001FC E8BD4001        LDMFD            SP!, {R0,LR} ; Restore Link Reg
                                                            ister (8-byte Stack
                                                            )
  101 00000200 E321F0D2        MSR              CPSR_c, #0xD2 ; Switch to IRQ M
                                                            ode
  102 00000204 E12FFF1E        BX               LR          ; Return to IRQHand
                                                            ler routine to
  103 00000208         ; clear the pending bit
  374 00000208         ;*******************************************************
                       ************************
  375 00000208         ;* Function Name  : T1TIMIIRQHandler
  376 00000208         ;* Description    : This function used to switch to SYS 
                       mode before entering
  377 00000208         ;                   the T1TIMI_IRQHandler function locat
                       ed in 71x_it.c.
  378 00000208         ;                   Then to return to IRQ mode after the



ARM Macro Assembler    Page 14 


                       
  379 00000208         ;                   T1TIMI_IRQHandler function terminati
                       on.
  380 00000208         ;* Input          : none
  381 00000208         ;* Output         : none
  382 00000208         ;*******************************************************
                       ************************
  383 00000208                 EXPORT           T1TIMIIRQHandler
  384 00000208         T1TIMIIRQHandler
  385 00000208                 IRQ_to_SYS
   88 00000208 E321F01F        MSR              CPSR_c, #0x1F ; Switch to SYS M
                                                            ode
   89 0000020C E92D4001        STMFD            SP!, {R0,LR} ; Save Link Regist
                                                            er (8-byte Stack)
  386 00000210 EBFFFFFE        BL               T1TIMI_IRQHandler
  387 00000214                 SYS_to_IRQ
  100 00000214 E8BD4001        LDMFD            SP!, {R0,LR} ; Restore Link Reg
                                                            ister (8-byte Stack
                                                            )
  101 00000218 E321F0D2        MSR              CPSR_c, #0xD2 ; Switch to IRQ M
                                                            ode
  102 0000021C E12FFF1E        BX               LR          ; Return to IRQHand
                                                            ler routine to
  103 00000220         ; clear the pending bit
  388 00000220         ;*******************************************************
                       ************************
  389 00000220         ;* Function Name  : T2TIMIIRQHandler
  390 00000220         ;* Description    : This function used to switch to SYS 
                       mode before entering
  391 00000220         ;                   the T2TIMI_IRQHandler function locat
                       ed in 71x_it.c.
  392 00000220         ;                   Then to return to IRQ mode after the
                       
  393 00000220         ;                   T2TIMI_IRQHandler function terminati
                       on.
  394 00000220         ;* Input          : none
  395 00000220         ;* Output         : none
  396 00000220         ;*******************************************************
                       ************************
  397 00000220                 EXPORT           T2TIMIIRQHandler
  398 00000220         T2TIMIIRQHandler
  399 00000220                 IRQ_to_SYS
   88 00000220 E321F01F        MSR              CPSR_c, #0x1F ; Switch to SYS M
                                                            ode
   89 00000224 E92D4001        STMFD            SP!, {R0,LR} ; Save Link Regist
                                                            er (8-byte Stack)
  400 00000228 EBFFFFFE        BL               T2TIMI_IRQHandler
  401 0000022C                 SYS_to_IRQ
  100 0000022C E8BD4001        LDMFD            SP!, {R0,LR} ; Restore Link Reg
                                                            ister (8-byte Stack
                                                            )
  101 00000230 E321F0D2        MSR              CPSR_c, #0xD2 ; Switch to IRQ M
                                                            ode
  102 00000234 E12FFF1E        BX               LR          ; Return to IRQHand
                                                            ler routine to
  103 00000238         ; clear the pending bit
  402 00000238         ;*******************************************************
                       ************************
  403 00000238         ;* Function Name  : T3TIMIIRQHandler



ARM Macro Assembler    Page 15 


  404 00000238         ;* Description    : This function used to switch to SYS 
                       mode before entering
  405 00000238         ;                   the T3TIMI_IRQHandler function locat
                       ed in 71x_it.c.
  406 00000238         ;                   Then to return to IRQ mode after the
                       
  407 00000238         ;                   T3TIMI_IRQHandler function terminati
                       on.
  408 00000238         ;* Input          : none
  409 00000238         ;* Output         : none
  410 00000238         ;*******************************************************
                       ************************
  411 00000238                 EXPORT           T3TIMIIRQHandler
  412 00000238         T3TIMIIRQHandler
  413 00000238                 IRQ_to_SYS
   88 00000238 E321F01F        MSR              CPSR_c, #0x1F ; Switch to SYS M
                                                            ode
   89 0000023C E92D4001        STMFD            SP!, {R0,LR} ; Save Link Regist
                                                            er (8-byte Stack)
  414 00000240 EBFFFFFE        BL               T3TIMI_IRQHandler
  415 00000244                 SYS_to_IRQ
  100 00000244 E8BD4001        LDMFD            SP!, {R0,LR} ; Restore Link Reg
                                                            ister (8-byte Stack
                                                            )
  101 00000248 E321F0D2        MSR              CPSR_c, #0xD2 ; Switch to IRQ M
                                                            ode
  102 0000024C E12FFF1E        BX               LR          ; Return to IRQHand
                                                            ler routine to
  103 00000250         ; clear the pending bit
  416 00000250         ;*******************************************************
                       ************************
  417 00000250         ;* Function Name  : HDLCIRQHandler
  418 00000250         ;* Description    : This function used to switch to SYS 
                       mode before entering
  419 00000250         ;                   the HDLC_IRQHandler function located
                        in 71x_it.c.
  420 00000250         ;                   Then to return to IRQ mode after the
                       
  421 00000250         ;                   HDLC_IRQHandler function termination
                       .
  422 00000250         ;* Input          : none
  423 00000250         ;* Output         : none
  424 00000250         ;*******************************************************
                       ************************
  425 00000250                 EXPORT           HDLCIRQHandler
  426 00000250         HDLCIRQHandler
  427 00000250                 IRQ_to_SYS
   88 00000250 E321F01F        MSR              CPSR_c, #0x1F ; Switch to SYS M
                                                            ode
   89 00000254 E92D4001        STMFD            SP!, {R0,LR} ; Save Link Regist
                                                            er (8-byte Stack)
  428 00000258 EBFFFFFE        BL               HDLC_IRQHandler
  429 0000025C                 SYS_to_IRQ
  100 0000025C E8BD4001        LDMFD            SP!, {R0,LR} ; Restore Link Reg
                                                            ister (8-byte Stack
                                                            )
  101 00000260 E321F0D2        MSR              CPSR_c, #0xD2 ; Switch to IRQ M
                                                            ode
  102 00000264 E12FFF1E        BX               LR          ; Return to IRQHand



ARM Macro Assembler    Page 16 


                                                            ler routine to
  103 00000268         ; clear the pending bit
  430 00000268         ;*******************************************************
                       ************************
  431 00000268         ;* Function Name  : USBLPIRQHandler
  432 00000268         ;* Description    : This function used to switch to SYS 
                       mode before entering
  433 00000268         ;                   the USBLP_IRQHandler function locate
                       d in 71x_it.c.
  434 00000268         ;                   Then to return to IRQ mode after the
                       
  435 00000268         ;                   USBLP_IRQHandler function terminatio
                       n.
  436 00000268         ;* Input          : none
  437 00000268         ;* Output         : none
  438 00000268         ;*******************************************************
                       ************************
  439 00000268                 EXPORT           USBLPIRQHandler
  440 00000268         USBLPIRQHandler
  441 00000268                 IRQ_to_SYS
   88 00000268 E321F01F        MSR              CPSR_c, #0x1F ; Switch to SYS M
                                                            ode
   89 0000026C E92D4001        STMFD            SP!, {R0,LR} ; Save Link Regist
                                                            er (8-byte Stack)
  442 00000270 EBFFFFFE        BL               USBLP_IRQHandler
  443 00000274                 SYS_to_IRQ
  100 00000274 E8BD4001        LDMFD            SP!, {R0,LR} ; Restore Link Reg
                                                            ister (8-byte Stack
                                                            )
  101 00000278 E321F0D2        MSR              CPSR_c, #0xD2 ; Switch to IRQ M
                                                            ode
  102 0000027C E12FFF1E        BX               LR          ; Return to IRQHand
                                                            ler routine to
  103 00000280         ; clear the pending bit
  444 00000280         ;*******************************************************
                       ************************
  445 00000280         ;* Function Name  : T0TOIIRQHandler
  446 00000280         ;* Description    : This function used to switch to SYS 
                       mode before entering
  447 00000280         ;                   the T0TOI_IRQHandler function locate
                       d in 71x_it.c.
  448 00000280         ;                   Then to return to IRQ mode after the
                       
  449 00000280         ;                   T0TOI_IRQHandler function terminatio
                       n.
  450 00000280         ;* Input          : none
  451 00000280         ;* Output         : none
  452 00000280         ;*******************************************************
                       ************************
  453 00000280                 EXPORT           T0TOIIRQHandler
  454 00000280         T0TOIIRQHandler
  455 00000280                 IRQ_to_SYS
   88 00000280 E321F01F        MSR              CPSR_c, #0x1F ; Switch to SYS M
                                                            ode
   89 00000284 E92D4001        STMFD            SP!, {R0,LR} ; Save Link Regist
                                                            er (8-byte Stack)
  456 00000288 EBFFFFFE        BL               T0TOI_IRQHandler
  457 0000028C                 SYS_to_IRQ
  100 0000028C E8BD4001        LDMFD            SP!, {R0,LR} ; Restore Link Reg



ARM Macro Assembler    Page 17 


                                                            ister (8-byte Stack
                                                            )
  101 00000290 E321F0D2        MSR              CPSR_c, #0xD2 ; Switch to IRQ M
                                                            ode
  102 00000294 E12FFF1E        BX               LR          ; Return to IRQHand
                                                            ler routine to
  103 00000298         ; clear the pending bit
  458 00000298         ;*******************************************************
                       ************************
  459 00000298         ;* Function Name  : T0OC1IRQHandler
  460 00000298         ;* Description    : This function used to switch to SYS 
                       mode before entering
  461 00000298         ;                   the T0OC1_IRQHandler function locate
                       d in 71x_it.c.
  462 00000298         ;                   Then to return to IRQ mode after the
                       
  463 00000298         ;                   T0OC1_IRQHandler function terminatio
                       n.
  464 00000298         ;* Input          : none
  465 00000298         ;* Output         : none
  466 00000298         ;*******************************************************
                       ************************
  467 00000298                 EXPORT           T0OC1IRQHandler
  468 00000298         T0OC1IRQHandler
  469 00000298                 IRQ_to_SYS
   88 00000298 E321F01F        MSR              CPSR_c, #0x1F ; Switch to SYS M
                                                            ode
   89 0000029C E92D4001        STMFD            SP!, {R0,LR} ; Save Link Regist
                                                            er (8-byte Stack)
  470 000002A0 EBFFFFFE        BL               T0OC1_IRQHandler
  471 000002A4                 SYS_to_IRQ
  100 000002A4 E8BD4001        LDMFD            SP!, {R0,LR} ; Restore Link Reg
                                                            ister (8-byte Stack
                                                            )
  101 000002A8 E321F0D2        MSR              CPSR_c, #0xD2 ; Switch to IRQ M
                                                            ode
  102 000002AC E12FFF1E        BX               LR          ; Return to IRQHand
                                                            ler routine to
  103 000002B0         ; clear the pending bit
  472 000002B0         ;*******************************************************
                       ************************
  473 000002B0         ;* Function Name  : T0OC2IRQHandler
  474 000002B0         ;* Description    : This function used to switch to SYS 
                       mode before entering
  475 000002B0         ;                   the T0OC2_IRQHandler function locate
                       d in 71x_it.c.
  476 000002B0         ;                   Then to return to IRQ mode after the
                       
  477 000002B0         ;                   T0OC2_IRQHandler function terminatio
                       n.
  478 000002B0         ;* Input          : none
  479 000002B0         ;* Output         : none
  480 000002B0         ;*******************************************************
                       ************************
  481 000002B0                 EXPORT           T0OC2IRQHandler
  482 000002B0         T0OC2IRQHandler
  483 000002B0                 IRQ_to_SYS
   88 000002B0 E321F01F        MSR              CPSR_c, #0x1F ; Switch to SYS M
                                                            ode



ARM Macro Assembler    Page 18 


   89 000002B4 E92D4001        STMFD            SP!, {R0,LR} ; Save Link Regist
                                                            er (8-byte Stack)
  484 000002B8 EBFFFFFE        BL               T0OC2_IRQHandler
  485 000002BC                 SYS_to_IRQ
  100 000002BC E8BD4001        LDMFD            SP!, {R0,LR} ; Restore Link Reg
                                                            ister (8-byte Stack
                                                            )
  101 000002C0 E321F0D2        MSR              CPSR_c, #0xD2 ; Switch to IRQ M
                                                            ode
  102 000002C4 E12FFF1E        BX               LR          ; Return to IRQHand
                                                            ler routine to
  103 000002C8         ; clear the pending bit
  486 000002C8         ;*******************************************************
                       ************************
  487 000002C8         
  488 000002C8         
  489 000002C8                 END
              00000000 
              FFFFF800 
Command Line: --debug --xref --apcs=interwork --depend=.\output\irq.d -o.\outpu
t\irq.o -Id:\Keil_v5\ARM\RV31\INC -Id:\Keil_v5\ARM\CMSIS\Include -Id:\Keil_v5\A
RM\Inc\ST\71x --predefine="__UVISION_VERSION SETA 513" --list=.\irq.lst ..\str7
1x\ASM\IRQ.s



ARM Macro Assembler    Page 1 Alphabetic symbol ordering
Relocatable symbols

ADC12IRQHandler 000001F0

Symbol: ADC12IRQHandler
   Definitions
      At line 370 in file ..\str71x\ASM\IRQ.s
   Uses
      At line 369 in file ..\str71x\ASM\IRQ.s
Comment: ADC12IRQHandler used once
BSPI0IRQHandler 00000178

Symbol: BSPI0IRQHandler
   Definitions
      At line 300 in file ..\str71x\ASM\IRQ.s
   Uses
      At line 299 in file ..\str71x\ASM\IRQ.s
Comment: BSPI0IRQHandler used once
BSPI1IRQHandler 00000190

Symbol: BSPI1IRQHandler
   Definitions
      At line 314 in file ..\str71x\ASM\IRQ.s
   Uses
      At line 313 in file ..\str71x\ASM\IRQ.s
Comment: BSPI1IRQHandler used once
CANIRQHandler 000001D8

Symbol: CANIRQHandler
   Definitions
      At line 356 in file ..\str71x\ASM\IRQ.s
   Uses
      At line 355 in file ..\str71x\ASM\IRQ.s
Comment: CANIRQHandler used once
FLASHIRQHandler 00000058

Symbol: FLASHIRQHandler
   Definitions
      At line 132 in file ..\str71x\ASM\IRQ.s
   Uses
      At line 131 in file ..\str71x\ASM\IRQ.s
Comment: FLASHIRQHandler used once
HDLCIRQHandler 00000250

Symbol: HDLCIRQHandler
   Definitions
      At line 426 in file ..\str71x\ASM\IRQ.s
   Uses
      At line 425 in file ..\str71x\ASM\IRQ.s
Comment: HDLCIRQHandler used once
I2C0IRQHandler 000001A8

Symbol: I2C0IRQHandler
   Definitions
      At line 328 in file ..\str71x\ASM\IRQ.s
   Uses
      At line 327 in file ..\str71x\ASM\IRQ.s
Comment: I2C0IRQHandler used once
I2C0ITERRIRQHandler 000000E8

Symbol: I2C0ITERRIRQHandler



ARM Macro Assembler    Page 2 Alphabetic symbol ordering
Relocatable symbols

   Definitions
      At line 216 in file ..\str71x\ASM\IRQ.s
   Uses
      At line 215 in file ..\str71x\ASM\IRQ.s
Comment: I2C0ITERRIRQHandler used once
I2C1IRQHandler 000001C0

Symbol: I2C1IRQHandler
   Definitions
      At line 342 in file ..\str71x\ASM\IRQ.s
   Uses
      At line 341 in file ..\str71x\ASM\IRQ.s
Comment: I2C1IRQHandler used once
I2C1ITERRIRQHandler 00000100

Symbol: I2C1ITERRIRQHandler
   Definitions
      At line 230 in file ..\str71x\ASM\IRQ.s
   Uses
      At line 229 in file ..\str71x\ASM\IRQ.s
Comment: I2C1ITERRIRQHandler used once
IRQ 00000000

Symbol: IRQ
   Definitions
      At line 19 in file ..\str71x\ASM\IRQ.s
   Uses
      None
Comment: IRQ unused
IRQHandler 00000000

Symbol: IRQHandler
   Definitions
      At line 26 in file ..\str71x\ASM\IRQ.s
   Uses
      At line 24 in file ..\str71x\ASM\IRQ.s
Comment: IRQHandler used once
RCCUIRQHandler 00000070

Symbol: RCCUIRQHandler
   Definitions
      At line 146 in file ..\str71x\ASM\IRQ.s
   Uses
      At line 145 in file ..\str71x\ASM\IRQ.s
Comment: RCCUIRQHandler used once
RTCIRQHandler 00000088

Symbol: RTCIRQHandler
   Definitions
      At line 160 in file ..\str71x\ASM\IRQ.s
   Uses
      At line 159 in file ..\str71x\ASM\IRQ.s
Comment: RTCIRQHandler used once
ReturnAddress 00000020

Symbol: ReturnAddress
   Definitions
      At line 35 in file ..\str71x\ASM\IRQ.s
   Uses



ARM Macro Assembler    Page 3 Alphabetic symbol ordering
Relocatable symbols

      At line 31 in file ..\str71x\ASM\IRQ.s
Comment: ReturnAddress used once
T0OC1IRQHandler 00000298

Symbol: T0OC1IRQHandler
   Definitions
      At line 468 in file ..\str71x\ASM\IRQ.s
   Uses
      At line 467 in file ..\str71x\ASM\IRQ.s
Comment: T0OC1IRQHandler used once
T0OC2IRQHandler 000002B0

Symbol: T0OC2IRQHandler
   Definitions
      At line 482 in file ..\str71x\ASM\IRQ.s
   Uses
      At line 481 in file ..\str71x\ASM\IRQ.s
Comment: T0OC2IRQHandler used once
T0TIMIIRQHandler 00000040

Symbol: T0TIMIIRQHandler
   Definitions
      At line 118 in file ..\str71x\ASM\IRQ.s
   Uses
      At line 117 in file ..\str71x\ASM\IRQ.s
Comment: T0TIMIIRQHandler used once
T0TOIIRQHandler 00000280

Symbol: T0TOIIRQHandler
   Definitions
      At line 454 in file ..\str71x\ASM\IRQ.s
   Uses
      At line 453 in file ..\str71x\ASM\IRQ.s
Comment: T0TOIIRQHandler used once
T1TIMIIRQHandler 00000208

Symbol: T1TIMIIRQHandler
   Definitions
      At line 384 in file ..\str71x\ASM\IRQ.s
   Uses
      At line 383 in file ..\str71x\ASM\IRQ.s
Comment: T1TIMIIRQHandler used once
T2TIMIIRQHandler 00000220

Symbol: T2TIMIIRQHandler
   Definitions
      At line 398 in file ..\str71x\ASM\IRQ.s
   Uses
      At line 397 in file ..\str71x\ASM\IRQ.s
Comment: T2TIMIIRQHandler used once
T3TIMIIRQHandler 00000238

Symbol: T3TIMIIRQHandler
   Definitions
      At line 412 in file ..\str71x\ASM\IRQ.s
   Uses
      At line 411 in file ..\str71x\ASM\IRQ.s
Comment: T3TIMIIRQHandler used once
UART0IRQHandler 00000118



ARM Macro Assembler    Page 4 Alphabetic symbol ordering
Relocatable symbols


Symbol: UART0IRQHandler
   Definitions
      At line 244 in file ..\str71x\ASM\IRQ.s
   Uses
      At line 243 in file ..\str71x\ASM\IRQ.s
Comment: UART0IRQHandler used once
UART1IRQHandler 00000130

Symbol: UART1IRQHandler
   Definitions
      At line 258 in file ..\str71x\ASM\IRQ.s
   Uses
      At line 257 in file ..\str71x\ASM\IRQ.s
Comment: UART1IRQHandler used once
UART2IRQHandler 00000148

Symbol: UART2IRQHandler
   Definitions
      At line 272 in file ..\str71x\ASM\IRQ.s
   Uses
      At line 271 in file ..\str71x\ASM\IRQ.s
Comment: UART2IRQHandler used once
UART3IRQHandler 00000160

Symbol: UART3IRQHandler
   Definitions
      At line 286 in file ..\str71x\ASM\IRQ.s
   Uses
      At line 285 in file ..\str71x\ASM\IRQ.s
Comment: UART3IRQHandler used once
USBHPIRQHandler 000000D0

Symbol: USBHPIRQHandler
   Definitions
      At line 202 in file ..\str71x\ASM\IRQ.s
   Uses
      At line 201 in file ..\str71x\ASM\IRQ.s
Comment: USBHPIRQHandler used once
USBLPIRQHandler 00000268

Symbol: USBLPIRQHandler
   Definitions
      At line 440 in file ..\str71x\ASM\IRQ.s
   Uses
      At line 439 in file ..\str71x\ASM\IRQ.s
Comment: USBLPIRQHandler used once
WDGIRQHandler 000000A0

Symbol: WDGIRQHandler
   Definitions
      At line 174 in file ..\str71x\ASM\IRQ.s
   Uses
      At line 173 in file ..\str71x\ASM\IRQ.s
Comment: WDGIRQHandler used once
XTIIRQHandler 000000B8

Symbol: XTIIRQHandler
   Definitions



ARM Macro Assembler    Page 5 Alphabetic symbol ordering
Relocatable symbols

      At line 188 in file ..\str71x\ASM\IRQ.s
   Uses
      At line 187 in file ..\str71x\ASM\IRQ.s
Comment: XTIIRQHandler used once
30 symbols



ARM Macro Assembler    Page 1 Alphabetic symbol ordering
Absolute symbols

CICR_OFS 00000004

Symbol: CICR_OFS
   Definitions
      At line 14 in file ..\str71x\ASM\IRQ.s
   Uses
      At line 38 in file ..\str71x\ASM\IRQ.s
Comment: CICR_OFS used once
EIC_BASE FFFFF800

Symbol: EIC_BASE
   Definitions
      At line 13 in file ..\str71x\ASM\IRQ.s
   Uses
      At line 32 in file ..\str71x\ASM\IRQ.s
      At line 37 in file ..\str71x\ASM\IRQ.s

IPR_OFS 00000040

Symbol: IPR_OFS
   Definitions
      At line 16 in file ..\str71x\ASM\IRQ.s
   Uses
      At line 41 in file ..\str71x\ASM\IRQ.s
Comment: IPR_OFS used once
IVR_OFS 00000018

Symbol: IVR_OFS
   Definitions
      At line 15 in file ..\str71x\ASM\IRQ.s
   Uses
      At line 33 in file ..\str71x\ASM\IRQ.s
Comment: IVR_OFS used once
4 symbols



ARM Macro Assembler    Page 1 Alphabetic symbol ordering
External symbols

ADC12_IRQHandler 00000000

Symbol: ADC12_IRQHandler
   Definitions
      At line 69 in file ..\str71x\ASM\IRQ.s
   Uses
      At line 372 in file ..\str71x\ASM\IRQ.s
Comment: ADC12_IRQHandler used once
BSPI0_IRQHandler 00000000

Symbol: BSPI0_IRQHandler
   Definitions
      At line 64 in file ..\str71x\ASM\IRQ.s
   Uses
      At line 302 in file ..\str71x\ASM\IRQ.s
Comment: BSPI0_IRQHandler used once
BSPI1_IRQHandler 00000000

Symbol: BSPI1_IRQHandler
   Definitions
      At line 65 in file ..\str71x\ASM\IRQ.s
   Uses
      At line 316 in file ..\str71x\ASM\IRQ.s
Comment: BSPI1_IRQHandler used once
CAN_IRQHandler 00000000

Symbol: CAN_IRQHandler
   Definitions
      At line 68 in file ..\str71x\ASM\IRQ.s
   Uses
      At line 358 in file ..\str71x\ASM\IRQ.s
Comment: CAN_IRQHandler used once
FLASH_IRQHandler 00000000

Symbol: FLASH_IRQHandler
   Definitions
      At line 52 in file ..\str71x\ASM\IRQ.s
   Uses
      At line 134 in file ..\str71x\ASM\IRQ.s
Comment: FLASH_IRQHandler used once
HDLC_IRQHandler 00000000

Symbol: HDLC_IRQHandler
   Definitions
      At line 73 in file ..\str71x\ASM\IRQ.s
   Uses
      At line 428 in file ..\str71x\ASM\IRQ.s
Comment: HDLC_IRQHandler used once
I2C0ITERR_IRQHandler 00000000

Symbol: I2C0ITERR_IRQHandler
   Definitions
      At line 58 in file ..\str71x\ASM\IRQ.s
   Uses
      At line 218 in file ..\str71x\ASM\IRQ.s
Comment: I2C0ITERR_IRQHandler used once
I2C0_IRQHandler 00000000

Symbol: I2C0_IRQHandler



ARM Macro Assembler    Page 2 Alphabetic symbol ordering
External symbols

   Definitions
      At line 66 in file ..\str71x\ASM\IRQ.s
   Uses
      At line 330 in file ..\str71x\ASM\IRQ.s
Comment: I2C0_IRQHandler used once
I2C1ITERR_IRQHandler 00000000

Symbol: I2C1ITERR_IRQHandler
   Definitions
      At line 59 in file ..\str71x\ASM\IRQ.s
   Uses
      At line 232 in file ..\str71x\ASM\IRQ.s
Comment: I2C1ITERR_IRQHandler used once
I2C1_IRQHandler 00000000

Symbol: I2C1_IRQHandler
   Definitions
      At line 67 in file ..\str71x\ASM\IRQ.s
   Uses
      At line 344 in file ..\str71x\ASM\IRQ.s
Comment: I2C1_IRQHandler used once
RCCU_IRQHandler 00000000

Symbol: RCCU_IRQHandler
   Definitions
      At line 53 in file ..\str71x\ASM\IRQ.s
   Uses
      At line 148 in file ..\str71x\ASM\IRQ.s
Comment: RCCU_IRQHandler used once
RTC_IRQHandler 00000000

Symbol: RTC_IRQHandler
   Definitions
      At line 54 in file ..\str71x\ASM\IRQ.s
   Uses
      At line 162 in file ..\str71x\ASM\IRQ.s
Comment: RTC_IRQHandler used once
T0OC1_IRQHandler 00000000

Symbol: T0OC1_IRQHandler
   Definitions
      At line 76 in file ..\str71x\ASM\IRQ.s
   Uses
      At line 470 in file ..\str71x\ASM\IRQ.s
Comment: T0OC1_IRQHandler used once
T0OC2_IRQHandler 00000000

Symbol: T0OC2_IRQHandler
   Definitions
      At line 77 in file ..\str71x\ASM\IRQ.s
   Uses
      At line 484 in file ..\str71x\ASM\IRQ.s
Comment: T0OC2_IRQHandler used once
T0TIMI_IRQHandler 00000000

Symbol: T0TIMI_IRQHandler
   Definitions
      At line 51 in file ..\str71x\ASM\IRQ.s
   Uses



ARM Macro Assembler    Page 3 Alphabetic symbol ordering
External symbols

      At line 120 in file ..\str71x\ASM\IRQ.s
Comment: T0TIMI_IRQHandler used once
T0TOI_IRQHandler 00000000

Symbol: T0TOI_IRQHandler
   Definitions
      At line 75 in file ..\str71x\ASM\IRQ.s
   Uses
      At line 456 in file ..\str71x\ASM\IRQ.s
Comment: T0TOI_IRQHandler used once
T1TIMI_IRQHandler 00000000

Symbol: T1TIMI_IRQHandler
   Definitions
      At line 70 in file ..\str71x\ASM\IRQ.s
   Uses
      At line 386 in file ..\str71x\ASM\IRQ.s
Comment: T1TIMI_IRQHandler used once
T2TIMI_IRQHandler 00000000

Symbol: T2TIMI_IRQHandler
   Definitions
      At line 71 in file ..\str71x\ASM\IRQ.s
   Uses
      At line 400 in file ..\str71x\ASM\IRQ.s
Comment: T2TIMI_IRQHandler used once
T3TIMI_IRQHandler 00000000

Symbol: T3TIMI_IRQHandler
   Definitions
      At line 72 in file ..\str71x\ASM\IRQ.s
   Uses
      At line 414 in file ..\str71x\ASM\IRQ.s
Comment: T3TIMI_IRQHandler used once
UART0_IRQHandler 00000000

Symbol: UART0_IRQHandler
   Definitions
      At line 60 in file ..\str71x\ASM\IRQ.s
   Uses
      At line 246 in file ..\str71x\ASM\IRQ.s
Comment: UART0_IRQHandler used once
UART1_IRQHandler 00000000

Symbol: UART1_IRQHandler
   Definitions
      At line 61 in file ..\str71x\ASM\IRQ.s
   Uses
      At line 260 in file ..\str71x\ASM\IRQ.s
Comment: UART1_IRQHandler used once
UART2_IRQHandler 00000000

Symbol: UART2_IRQHandler
   Definitions
      At line 62 in file ..\str71x\ASM\IRQ.s
   Uses
      At line 274 in file ..\str71x\ASM\IRQ.s
Comment: UART2_IRQHandler used once
UART3_IRQHandler 00000000



ARM Macro Assembler    Page 4 Alphabetic symbol ordering
External symbols


Symbol: UART3_IRQHandler
   Definitions
      At line 63 in file ..\str71x\ASM\IRQ.s
   Uses
      At line 288 in file ..\str71x\ASM\IRQ.s
Comment: UART3_IRQHandler used once
USBHP_IRQHandler 00000000

Symbol: USBHP_IRQHandler
   Definitions
      At line 57 in file ..\str71x\ASM\IRQ.s
   Uses
      At line 204 in file ..\str71x\ASM\IRQ.s
Comment: USBHP_IRQHandler used once
USBLP_IRQHandler 00000000

Symbol: USBLP_IRQHandler
   Definitions
      At line 74 in file ..\str71x\ASM\IRQ.s
   Uses
      At line 442 in file ..\str71x\ASM\IRQ.s
Comment: USBLP_IRQHandler used once
WDG_IRQHandler 00000000

Symbol: WDG_IRQHandler
   Definitions
      At line 55 in file ..\str71x\ASM\IRQ.s
   Uses
      At line 176 in file ..\str71x\ASM\IRQ.s
Comment: WDG_IRQHandler used once
XTI_IRQHandler 00000000

Symbol: XTI_IRQHandler
   Definitions
      At line 56 in file ..\str71x\ASM\IRQ.s
   Uses
      At line 190 in file ..\str71x\ASM\IRQ.s
Comment: XTI_IRQHandler used once
27 symbols
394 symbols in table
